<?xml version="1.0" encoding="UTF-8"?>
<!-- Generated by org.testng.reporters.JUnitReportReporter -->
<testsuite hostname="C02D21HGP3Y0.local" name="com.mavenproject.assignment.testcases.defendentInfoPageTest" tests="1" failures="0" timestamp="27 Feb 2023 19:59:02 GMT" time="9.205" errors="0">
  <testcase name="verifydefendentInfoPage" time="9.205" classname="com.mavenproject.assignment.testcases.defendentInfoPageTest"/>
</testsuite> <!-- com.mavenproject.assignment.testcases.defendentInfoPageTest -->
